<?xml version="1.0" encoding="UTF-8"?>
<testsuite name="TestKmeans" tests="1" skipped="0" failures="0" errors="0" timestamp="2020-10-18T15:19:20" hostname="MacBook-Pro" time="0.053">
  <properties/>
  <testcase name="testDistance" classname="TestKmeans" time="0.053"/>
  <system-out><![CDATA[==========================================
DayInfo{id='20150110', date='2015/01/10', city='大里', dayType='PM2.5', values=[38, 33, 31, 24, 20, 19, 22, 31, 31, 45, 48, 49, 38, 39, 43, 46, 43, 36, 33, 29, 37, 34, 39, 33]}
DayInfo{id='20150115', date='2015/01/15', city='大里', dayType='PM2.5', values=[2, 3, 7, 3, 7, 5, 10, 7, 13, 16, 14, 8, 5, 13, 20, 30, 30, 33, 28, 29, 33, 26, 23, 12]}
Distance1=157.65151442342696
Distance2=199.2234925906079
==========================================
]]></system-out>
  <system-err><![CDATA[]]></system-err>
</testsuite>
